{"/Users/macok/Desktop/ai-interview-configurator/src/context/InterviewContext.tsx": {"path":"/Users/macok/Desktop/ai-interview-configurator/src/context/InterviewContext.tsx","statementMap":{"0":{"start":{"line":14,"column":38},"end":{"line":25,"column":null}},"1":{"start":{"line":27,"column":6},"end":{"line":33,"column":null}},"2":{"start":{"line":32,"column":18},"end":{"line":32,"column":null}},"3":{"start":{"line":36,"column":2},"end":{"line":53,"column":null}},"4":{"start":{"line":38,"column":6},"end":{"line":38,"column":null}},"5":{"start":{"line":40,"column":6},"end":{"line":40,"column":null}},"6":{"start":{"line":42,"column":6},"end":{"line":42,"column":null}},"7":{"start":{"line":44,"column":6},"end":{"line":44,"column":null}},"8":{"start":{"line":46,"column":6},"end":{"line":46,"column":null}},"9":{"start":{"line":48,"column":6},"end":{"line":48,"column":null}},"10":{"start":{"line":50,"column":6},"end":{"line":50,"column":null}},"11":{"start":{"line":52,"column":6},"end":{"line":52,"column":null}},"12":{"start":{"line":56,"column":33},"end":{"line":88,"column":null}},"13":{"start":{"line":57,"column":24},"end":{"line":74,"column":null}},"14":{"start":{"line":59,"column":18},"end":{"line":59,"column":null}},"15":{"start":{"line":60,"column":4},"end":{"line":72,"column":null}},"16":{"start":{"line":61,"column":21},"end":{"line":61,"column":null}},"17":{"start":{"line":65,"column":12},"end":{"line":65,"column":null}},"18":{"start":{"line":66,"column":6},"end":{"line":71,"column":null}},"19":{"start":{"line":67,"column":8},"end":{"line":67,"column":null}},"20":{"start":{"line":69,"column":8},"end":{"line":69,"column":null}},"21":{"start":{"line":70,"column":8},"end":{"line":70,"column":null}},"22":{"start":{"line":73,"column":4},"end":{"line":73,"column":null}},"23":{"start":{"line":76,"column":2},"end":{"line":81,"column":null}},"24":{"start":{"line":77,"column":4},"end":{"line":80,"column":null}},"25":{"start":{"line":83,"column":2},"end":{"line":86,"column":null}}},"fnMap":{"0":{"name":"(anonymous_0)","decl":{"start":{"line":32,"column":12},"end":{"line":32,"column":18}},"loc":{"start":{"line":32,"column":18},"end":{"line":32,"column":null}},"line":32},"1":{"name":"reducer","decl":{"start":{"line":35,"column":9},"end":{"line":35,"column":17}},"loc":{"start":{"line":35,"column":74},"end":{"line":54,"column":null}},"line":35},"2":{"name":"(anonymous_2)","decl":{"start":{"line":56,"column":33},"end":{"line":56,"column":34}},"loc":{"start":{"line":56,"column":76},"end":{"line":88,"column":null}},"line":56},"3":{"name":"(anonymous_3)","decl":{"start":{"line":57,"column":62},"end":{"line":57,"column":63}},"loc":{"start":{"line":57,"column":72},"end":{"line":74,"column":3}},"line":57},"4":{"name":"(anonymous_4)","decl":{"start":{"line":76,"column":12},"end":{"line":76,"column":18}},"loc":{"start":{"line":76,"column":18},"end":{"line":81,"column":5}},"line":76}},"branchMap":{"0":{"loc":{"start":{"line":36,"column":2},"end":{"line":53,"column":null}},"type":"switch","locations":[{"start":{"line":37,"column":4},"end":{"line":38,"column":null}},{"start":{"line":39,"column":4},"end":{"line":40,"column":null}},{"start":{"line":41,"column":4},"end":{"line":42,"column":null}},{"start":{"line":43,"column":4},"end":{"line":44,"column":null}},{"start":{"line":45,"column":4},"end":{"line":46,"column":null}},{"start":{"line":47,"column":4},"end":{"line":48,"column":null}},{"start":{"line":49,"column":4},"end":{"line":50,"column":null}},{"start":{"line":51,"column":4},"end":{"line":52,"column":null}}],"line":36},"1":{"loc":{"start":{"line":60,"column":4},"end":{"line":72,"column":null}},"type":"if","locations":[{"start":{"line":60,"column":4},"end":{"line":72,"column":null}},{"start":{},"end":{}}],"line":60},"2":{"loc":{"start":{"line":66,"column":6},"end":{"line":71,"column":null}},"type":"if","locations":[{"start":{"line":66,"column":6},"end":{"line":71,"column":null}},{"start":{"line":68,"column":13},"end":{"line":71,"column":null}}],"line":66}},"s":{"0":1,"1":1,"2":0,"3":1,"4":0,"5":1,"6":0,"7":0,"8":0,"9":0,"10":0,"11":0,"12":1,"13":3,"14":2,"15":2,"16":1,"17":1,"18":1,"19":1,"20":0,"21":0,"22":1,"23":3,"24":3,"25":3},"f":{"0":0,"1":1,"2":3,"3":2,"4":3},"b":{"0":[0,1,0,0,0,0,0,0],"1":[1,1],"2":[1,0]},"meta":{"lastBranch":3,"lastFunction":5,"lastStatement":26,"seen":{"s:14:38:25:Infinity":0,"s:27:6:33:Infinity":1,"f:32:12:32:18":0,"s:32:18:32:Infinity":2,"f:35:9:35:17":1,"b:37:4:38:Infinity:39:4:40:Infinity:41:4:42:Infinity:43:4:44:Infinity:45:4:46:Infinity:47:4:48:Infinity:49:4:50:Infinity:51:4:52:Infinity":0,"s:36:2:53:Infinity":3,"s:38:6:38:Infinity":4,"s:40:6:40:Infinity":5,"s:42:6:42:Infinity":6,"s:44:6:44:Infinity":7,"s:46:6:46:Infinity":8,"s:48:6:48:Infinity":9,"s:50:6:50:Infinity":10,"s:52:6:52:Infinity":11,"s:56:33:88:Infinity":12,"f:56:33:56:34":2,"s:57:24:74:Infinity":13,"f:57:62:57:63":3,"s:59:18:59:Infinity":14,"b:60:4:72:Infinity:undefined:undefined:undefined:undefined":1,"s:60:4:72:Infinity":15,"s:61:21:61:Infinity":16,"s:65:12:65:Infinity":17,"b:66:6:71:Infinity:68:13:71:Infinity":2,"s:66:6:71:Infinity":18,"s:67:8:67:Infinity":19,"s:69:8:69:Infinity":20,"s:70:8:70:Infinity":21,"s:73:4:73:Infinity":22,"s:76:2:81:Infinity":23,"f:76:12:76:18":4,"s:77:4:80:Infinity":24,"s:83:2:86:Infinity":25}}}
,"/Users/macok/Desktop/ai-interview-configurator/src/pages/CheckoutPage.tsx": {"path":"/Users/macok/Desktop/ai-interview-configurator/src/pages/CheckoutPage.tsx","statementMap":{"0":{"start":{"line":7,"column":16},"end":{"line":10,"column":null}},"1":{"start":{"line":8,"column":33},"end":{"line":8,"column":null}},"2":{"start":{"line":9,"column":33},"end":{"line":9,"column":null}},"3":{"start":{"line":12,"column":21},"end":{"line":159,"column":null}},"4":{"start":{"line":13,"column":16},"end":{"line":13,"column":null}},"5":{"start":{"line":14,"column":22},"end":{"line":14,"column":null}},"6":{"start":{"line":15,"column":24},"end":{"line":15,"column":null}},"7":{"start":{"line":16,"column":26},"end":{"line":16,"column":null}},"8":{"start":{"line":17,"column":40},"end":{"line":17,"column":null}},"9":{"start":{"line":18,"column":30},"end":{"line":18,"column":null}},"10":{"start":{"line":19,"column":28},"end":{"line":19,"column":null}},"11":{"start":{"line":20,"column":42},"end":{"line":20,"column":null}},"12":{"start":{"line":21,"column":38},"end":{"line":21,"column":null}},"13":{"start":{"line":23,"column":8},"end":{"line":23,"column":null}},"14":{"start":{"line":26,"column":4},"end":{"line":28,"column":null}},"15":{"start":{"line":30,"column":16},"end":{"line":30,"column":null}},"16":{"start":{"line":32,"column":28},"end":{"line":47,"column":null}},"17":{"start":{"line":33,"column":4},"end":{"line":33,"column":null}},"18":{"start":{"line":33,"column":17},"end":{"line":33,"column":null}},"19":{"start":{"line":34,"column":4},"end":{"line":37,"column":null}},"20":{"start":{"line":35,"column":6},"end":{"line":35,"column":null}},"21":{"start":{"line":36,"column":6},"end":{"line":36,"column":null}},"22":{"start":{"line":38,"column":4},"end":{"line":41,"column":null}},"23":{"start":{"line":39,"column":6},"end":{"line":39,"column":null}},"24":{"start":{"line":40,"column":6},"end":{"line":40,"column":null}},"25":{"start":{"line":42,"column":17},"end":{"line":42,"column":null}},"26":{"start":{"line":43,"column":4},"end":{"line":43,"column":null}},"27":{"start":{"line":44,"column":4},"end":{"line":44,"column":null}},"28":{"start":{"line":45,"column":4},"end":{"line":45,"column":null}},"29":{"start":{"line":46,"column":4},"end":{"line":46,"column":null}},"30":{"start":{"line":49,"column":22},"end":{"line":56,"column":null}},"31":{"start":{"line":50,"column":4},"end":{"line":55,"column":null}},"32":{"start":{"line":51,"column":6},"end":{"line":54,"column":null}},"33":{"start":{"line":52,"column":8},"end":{"line":53,"column":null}},"34":{"start":{"line":52,"column":33},"end":{"line":52,"column":null}},"35":{"start":{"line":53,"column":13},"end":{"line":53,"column":null}},"36":{"start":{"line":58,"column":20},"end":{"line":72,"column":null}},"37":{"start":{"line":59,"column":4},"end":{"line":62,"column":null}},"38":{"start":{"line":60,"column":6},"end":{"line":60,"column":null}},"39":{"start":{"line":61,"column":6},"end":{"line":61,"column":null}},"40":{"start":{"line":63,"column":4},"end":{"line":66,"column":null}},"41":{"start":{"line":64,"column":6},"end":{"line":64,"column":null}},"42":{"start":{"line":65,"column":6},"end":{"line":65,"column":null}},"43":{"start":{"line":67,"column":4},"end":{"line":67,"column":null}},"44":{"start":{"line":68,"column":16},"end":{"line":68,"column":null}},"45":{"start":{"line":69,"column":4},"end":{"line":69,"column":null}},"46":{"start":{"line":70,"column":4},"end":{"line":71,"column":null}},"47":{"start":{"line":70,"column":21},"end":{"line":70,"column":null}},"48":{"start":{"line":71,"column":9},"end":{"line":71,"column":null}},"49":{"start":{"line":74,"column":2},"end":{"line":157,"column":null}},"50":{"start":{"line":94,"column":25},"end":{"line":94,"column":null}},"51":{"start":{"line":108,"column":29},"end":{"line":108,"column":null}},"52":{"start":{"line":115,"column":29},"end":{"line":115,"column":null}},"53":{"start":{"line":126,"column":33},"end":{"line":126,"column":null}}},"fnMap":{"0":{"name":"(anonymous_0)","decl":{"start":{"line":8,"column":11},"end":{"line":8,"column":12}},"loc":{"start":{"line":8,"column":33},"end":{"line":8,"column":null}},"line":8},"1":{"name":"(anonymous_1)","decl":{"start":{"line":9,"column":10},"end":{"line":9,"column":11}},"loc":{"start":{"line":9,"column":33},"end":{"line":9,"column":null}},"line":9},"2":{"name":"(anonymous_2)","decl":{"start":{"line":12,"column":21},"end":{"line":12,"column":27}},"loc":{"start":{"line":12,"column":27},"end":{"line":159,"column":null}},"line":12},"3":{"name":"(anonymous_3)","decl":{"start":{"line":32,"column":28},"end":{"line":32,"column":34}},"loc":{"start":{"line":32,"column":34},"end":{"line":47,"column":null}},"line":32},"4":{"name":"(anonymous_4)","decl":{"start":{"line":49,"column":22},"end":{"line":49,"column":29}},"loc":{"start":{"line":49,"column":63},"end":{"line":56,"column":null}},"line":49},"5":{"name":"(anonymous_5)","decl":{"start":{"line":50,"column":61},"end":{"line":50,"column":62}},"loc":{"start":{"line":50,"column":74},"end":{"line":55,"column":5}},"line":50},"6":{"name":"(anonymous_6)","decl":{"start":{"line":51,"column":17},"end":{"line":51,"column":23}},"loc":{"start":{"line":51,"column":23},"end":{"line":54,"column":9}},"line":51},"7":{"name":"(anonymous_7)","decl":{"start":{"line":58,"column":20},"end":{"line":58,"column":32}},"loc":{"start":{"line":58,"column":32},"end":{"line":72,"column":null}},"line":58},"8":{"name":"(anonymous_8)","decl":{"start":{"line":94,"column":19},"end":{"line":94,"column":25}},"loc":{"start":{"line":94,"column":25},"end":{"line":94,"column":null}},"line":94},"9":{"name":"(anonymous_9)","decl":{"start":{"line":108,"column":22},"end":{"line":108,"column":23}},"loc":{"start":{"line":108,"column":29},"end":{"line":108,"column":null}},"line":108},"10":{"name":"(anonymous_10)","decl":{"start":{"line":115,"column":22},"end":{"line":115,"column":23}},"loc":{"start":{"line":115,"column":29},"end":{"line":115,"column":null}},"line":115},"11":{"name":"(anonymous_11)","decl":{"start":{"line":126,"column":26},"end":{"line":126,"column":27}},"loc":{"start":{"line":126,"column":33},"end":{"line":126,"column":null}},"line":126}},"branchMap":{"0":{"loc":{"start":{"line":9,"column":33},"end":{"line":9,"column":null}},"type":"cond-expr","locations":[{"start":{"line":9,"column":49},"end":{"line":9,"column":54}},{"start":{"line":9,"column":54},"end":{"line":9,"column":null}}],"line":9},"1":{"loc":{"start":{"line":26,"column":4},"end":{"line":28,"column":null}},"type":"cond-expr","locations":[{"start":{"line":26,"column":28},"end":{"line":27,"column":null}},{"start":{"line":28,"column":8},"end":{"line":28,"column":null}}],"line":26},"2":{"loc":{"start":{"line":26,"column":4},"end":{"line":26,"column":null}},"type":"binary-expr","locations":[{"start":{"line":26,"column":4},"end":{"line":26,"column":22}},{"start":{"line":26,"column":22},"end":{"line":26,"column":null}}],"line":26},"3":{"loc":{"start":{"line":33,"column":4},"end":{"line":33,"column":null}},"type":"if","locations":[{"start":{"line":33,"column":4},"end":{"line":33,"column":null}},{"start":{},"end":{}}],"line":33},"4":{"loc":{"start":{"line":34,"column":4},"end":{"line":37,"column":null}},"type":"if","locations":[{"start":{"line":34,"column":4},"end":{"line":37,"column":null}},{"start":{},"end":{}}],"line":34},"5":{"loc":{"start":{"line":38,"column":4},"end":{"line":41,"column":null}},"type":"if","locations":[{"start":{"line":38,"column":4},"end":{"line":41,"column":null}},{"start":{},"end":{}}],"line":38},"6":{"loc":{"start":{"line":38,"column":8},"end":{"line":38,"column":47}},"type":"binary-expr","locations":[{"start":{"line":38,"column":8},"end":{"line":38,"column":31}},{"start":{"line":38,"column":31},"end":{"line":38,"column":47}}],"line":38},"7":{"loc":{"start":{"line":52,"column":8},"end":{"line":53,"column":null}},"type":"if","locations":[{"start":{"line":52,"column":8},"end":{"line":53,"column":null}},{"start":{"line":53,"column":13},"end":{"line":53,"column":null}}],"line":52},"8":{"loc":{"start":{"line":59,"column":4},"end":{"line":62,"column":null}},"type":"if","locations":[{"start":{"line":59,"column":4},"end":{"line":62,"column":null}},{"start":{},"end":{}}],"line":59},"9":{"loc":{"start":{"line":59,"column":8},"end":{"line":59,"column":52}},"type":"binary-expr","locations":[{"start":{"line":59,"column":8},"end":{"line":59,"column":17}},{"start":{"line":59,"column":17},"end":{"line":59,"column":52}}],"line":59},"10":{"loc":{"start":{"line":63,"column":4},"end":{"line":66,"column":null}},"type":"if","locations":[{"start":{"line":63,"column":4},"end":{"line":66,"column":null}},{"start":{},"end":{}}],"line":63},"11":{"loc":{"start":{"line":70,"column":4},"end":{"line":71,"column":null}},"type":"if","locations":[{"start":{"line":70,"column":4},"end":{"line":71,"column":null}},{"start":{"line":71,"column":9},"end":{"line":71,"column":null}}],"line":70},"12":{"loc":{"start":{"line":71,"column":25},"end":{"line":71,"column":54}},"type":"binary-expr","locations":[{"start":{"line":71,"column":25},"end":{"line":71,"column":38}},{"start":{"line":71,"column":38},"end":{"line":71,"column":54}}],"line":71},"13":{"loc":{"start":{"line":86,"column":9},"end":{"line":89,"column":null}},"type":"binary-expr","locations":[{"start":{"line":86,"column":9},"end":{"line":86,"column":null}},{"start":{"line":87,"column":10},"end":{"line":89,"column":null}}],"line":86},"14":{"loc":{"start":{"line":101,"column":7},"end":{"line":155,"column":null}},"type":"cond-expr","locations":[{"start":{"line":102,"column":8},"end":{"line":151,"column":null}},{"start":{"line":153,"column":8},"end":{"line":155,"column":null}}],"line":101},"15":{"loc":{"start":{"line":120,"column":11},"end":{"line":135,"column":null}},"type":"binary-expr","locations":[{"start":{"line":120,"column":11},"end":{"line":120,"column":null}},{"start":{"line":121,"column":12},"end":{"line":135,"column":null}}],"line":120},"16":{"loc":{"start":{"line":140,"column":14},"end":{"line":142,"column":null}},"type":"cond-expr","locations":[{"start":{"line":141,"column":18},"end":{"line":141,"column":null}},{"start":{"line":142,"column":18},"end":{"line":142,"column":null}}],"line":140},"17":{"loc":{"start":{"line":147,"column":13},"end":{"line":147,"column":null}},"type":"cond-expr","locations":[{"start":{"line":147,"column":23},"end":{"line":147,"column":41}},{"start":{"line":147,"column":41},"end":{"line":147,"column":null}}],"line":147},"18":{"loc":{"start":{"line":150,"column":11},"end":{"line":150,"column":null}},"type":"binary-expr","locations":[{"start":{"line":150,"column":11},"end":{"line":150,"column":27}},{"start":{"line":150,"column":27},"end":{"line":150,"column":null}}],"line":150}},"s":{"0":1,"1":0,"2":0,"3":1,"4":7,"5":7,"6":7,"7":7,"8":7,"9":7,"10":7,"11":7,"12":7,"13":7,"14":7,"15":7,"16":7,"17":1,"18":0,"19":1,"20":0,"21":0,"22":1,"23":1,"24":1,"25":0,"26":0,"27":0,"28":0,"29":0,"30":7,"31":0,"32":0,"33":0,"34":0,"35":0,"36":7,"37":0,"38":0,"39":0,"40":0,"41":0,"42":0,"43":0,"44":0,"45":0,"46":0,"47":0,"48":0,"49":7,"50":0,"51":0,"52":0,"53":6},"f":{"0":0,"1":0,"2":7,"3":1,"4":0,"5":0,"6":0,"7":0,"8":0,"9":0,"10":0,"11":6},"b":{"0":[0,0],"1":[0,7],"2":[7,0],"3":[0,1],"4":[0,1],"5":[1,0],"6":[1,1],"7":[0,0],"8":[0,0],"9":[0,0],"10":[0,0],"11":[0,0],"12":[0,0],"13":[7,0],"14":[7,0],"15":[7,7],"16":[0,7],"17":[0,7],"18":[7,0]},"meta":{"lastBranch":19,"lastFunction":12,"lastStatement":54,"seen":{"s:7:16:10:Infinity":0,"f:8:11:8:12":0,"s:8:33:8:Infinity":1,"f:9:10:9:11":1,"s:9:33:9:Infinity":2,"b:9:49:9:54:9:54:9:Infinity":0,"s:12:21:159:Infinity":3,"f:12:21:12:27":2,"s:13:16:13:Infinity":4,"s:14:22:14:Infinity":5,"s:15:24:15:Infinity":6,"s:16:26:16:Infinity":7,"s:17:40:17:Infinity":8,"s:18:30:18:Infinity":9,"s:19:28:19:Infinity":10,"s:20:42:20:Infinity":11,"s:21:38:21:Infinity":12,"s:23:8:23:Infinity":13,"s:26:4:28:Infinity":14,"b:26:28:27:Infinity:28:8:28:Infinity":1,"b:26:4:26:22:26:22:26:Infinity":2,"s:30:16:30:Infinity":15,"s:32:28:47:Infinity":16,"f:32:28:32:34":3,"b:33:4:33:Infinity:undefined:undefined:undefined:undefined":3,"s:33:4:33:Infinity":17,"s:33:17:33:Infinity":18,"b:34:4:37:Infinity:undefined:undefined:undefined:undefined":4,"s:34:4:37:Infinity":19,"s:35:6:35:Infinity":20,"s:36:6:36:Infinity":21,"b:38:4:41:Infinity:undefined:undefined:undefined:undefined":5,"s:38:4:41:Infinity":22,"b:38:8:38:31:38:31:38:47":6,"s:39:6:39:Infinity":23,"s:40:6:40:Infinity":24,"s:42:17:42:Infinity":25,"s:43:4:43:Infinity":26,"s:44:4:44:Infinity":27,"s:45:4:45:Infinity":28,"s:46:4:46:Infinity":29,"s:49:22:56:Infinity":30,"f:49:22:49:29":4,"s:50:4:55:Infinity":31,"f:50:61:50:62":5,"s:51:6:54:Infinity":32,"f:51:17:51:23":6,"b:52:8:53:Infinity:53:13:53:Infinity":7,"s:52:8:53:Infinity":33,"s:52:33:52:Infinity":34,"s:53:13:53:Infinity":35,"s:58:20:72:Infinity":36,"f:58:20:58:32":7,"b:59:4:62:Infinity:undefined:undefined:undefined:undefined":8,"s:59:4:62:Infinity":37,"b:59:8:59:17:59:17:59:52":9,"s:60:6:60:Infinity":38,"s:61:6:61:Infinity":39,"b:63:4:66:Infinity:undefined:undefined:undefined:undefined":10,"s:63:4:66:Infinity":40,"s:64:6:64:Infinity":41,"s:65:6:65:Infinity":42,"s:67:4:67:Infinity":43,"s:68:16:68:Infinity":44,"s:69:4:69:Infinity":45,"b:70:4:71:Infinity:71:9:71:Infinity":11,"s:70:4:71:Infinity":46,"s:70:21:70:Infinity":47,"s:71:9:71:Infinity":48,"b:71:25:71:38:71:38:71:54":12,"s:74:2:157:Infinity":49,"b:86:9:86:Infinity:87:10:89:Infinity":13,"f:94:19:94:25":8,"s:94:25:94:Infinity":50,"b:102:8:151:Infinity:153:8:155:Infinity":14,"f:108:22:108:23":9,"s:108:29:108:Infinity":51,"f:115:22:115:23":10,"s:115:29:115:Infinity":52,"b:120:11:120:Infinity:121:12:135:Infinity":15,"f:126:26:126:27":11,"s:126:33:126:Infinity":53,"b:141:18:141:Infinity:142:18:142:Infinity":16,"b:147:23:147:41:147:41:147:Infinity":17,"b:150:11:150:27:150:27:150:Infinity":18}}}
,"/Users/macok/Desktop/ai-interview-configurator/src/pages/ConfigurePage.tsx": {"path":"/Users/macok/Desktop/ai-interview-configurator/src/pages/ConfigurePage.tsx","statementMap":{"0":{"start":{"line":8,"column":42},"end":{"line":13,"column":null}},"1":{"start":{"line":14,"column":40},"end":{"line":14,"column":null}},"2":{"start":{"line":15,"column":36},"end":{"line":15,"column":null}},"3":{"start":{"line":17,"column":22},"end":{"line":265,"column":null}},"4":{"start":{"line":18,"column":26},"end":{"line":18,"column":null}},"5":{"start":{"line":19,"column":8},"end":{"line":19,"column":null}},"6":{"start":{"line":20,"column":34},"end":{"line":20,"column":null}},"7":{"start":{"line":22,"column":8},"end":{"line":27,"column":null}},"8":{"start":{"line":23,"column":4},"end":{"line":25,"column":null}},"9":{"start":{"line":24,"column":6},"end":{"line":24,"column":null}},"10":{"start":{"line":26,"column":4},"end":{"line":26,"column":null}},"11":{"start":{"line":30,"column":2},"end":{"line":73,"column":null}},"12":{"start":{"line":31,"column":4},"end":{"line":66,"column":null}},"13":{"start":{"line":33,"column":6},"end":{"line":41,"column":null}},"14":{"start":{"line":37,"column":8},"end":{"line":37,"column":null}},"15":{"start":{"line":38,"column":8},"end":{"line":40,"column":null}},"16":{"start":{"line":44,"column":6},"end":{"line":49,"column":null}},"17":{"start":{"line":45,"column":8},"end":{"line":45,"column":null}},"18":{"start":{"line":46,"column":8},"end":{"line":48,"column":null}},"19":{"start":{"line":52,"column":6},"end":{"line":57,"column":null}},"20":{"start":{"line":53,"column":8},"end":{"line":53,"column":null}},"21":{"start":{"line":54,"column":8},"end":{"line":56,"column":null}},"22":{"start":{"line":60,"column":6},"end":{"line":65,"column":null}},"23":{"start":{"line":61,"column":8},"end":{"line":61,"column":null}},"24":{"start":{"line":62,"column":8},"end":{"line":64,"column":null}},"25":{"start":{"line":75,"column":22},"end":{"line":77,"column":null}},"26":{"start":{"line":76,"column":4},"end":{"line":76,"column":null}},"27":{"start":{"line":79,"column":19},"end":{"line":85,"column":null}},"28":{"start":{"line":80,"column":4},"end":{"line":80,"column":null}},"29":{"start":{"line":80,"column":16},"end":{"line":80,"column":null}},"30":{"start":{"line":81,"column":4},"end":{"line":81,"column":null}},"31":{"start":{"line":81,"column":38},"end":{"line":81,"column":null}},"32":{"start":{"line":82,"column":4},"end":{"line":82,"column":null}},"33":{"start":{"line":82,"column":34},"end":{"line":82,"column":null}},"34":{"start":{"line":83,"column":4},"end":{"line":83,"column":null}},"35":{"start":{"line":84,"column":4},"end":{"line":84,"column":null}},"36":{"start":{"line":87,"column":22},"end":{"line":92,"column":null}},"37":{"start":{"line":88,"column":4},"end":{"line":91,"column":null}},"38":{"start":{"line":90,"column":42},"end":{"line":90,"column":53}},"39":{"start":{"line":95,"column":4},"end":{"line":98,"column":null}},"40":{"start":{"line":100,"column":2},"end":{"line":263,"column":null}},"41":{"start":{"line":107,"column":25},"end":{"line":107,"column":null}},"42":{"start":{"line":121,"column":10},"end":{"line":124,"column":null}},"43":{"start":{"line":130,"column":10},"end":{"line":139,"column":null}},"44":{"start":{"line":151,"column":10},"end":{"line":154,"column":null}},"45":{"start":{"line":160,"column":10},"end":{"line":162,"column":null}},"46":{"start":{"line":174,"column":10},"end":{"line":177,"column":null}},"47":{"start":{"line":183,"column":10},"end":{"line":185,"column":null}},"48":{"start":{"line":198,"column":27},"end":{"line":198,"column":null}},"49":{"start":{"line":199,"column":28},"end":{"line":199,"column":null}},"50":{"start":{"line":206,"column":10},"end":{"line":212,"column":null}},"51":{"start":{"line":209,"column":27},"end":{"line":209,"column":null}},"52":{"start":{"line":220,"column":10},"end":{"line":232,"column":null}},"53":{"start":{"line":221,"column":12},"end":{"line":230,"column":null}},"54":{"start":{"line":226,"column":34},"end":{"line":226,"column":null}},"55":{"start":{"line":234,"column":10},"end":{"line":242,"column":null}},"56":{"start":{"line":239,"column":32},"end":{"line":239,"column":null}},"57":{"start":{"line":259,"column":23},"end":{"line":259,"column":null}}},"fnMap":{"0":{"name":"(anonymous_0)","decl":{"start":{"line":17,"column":22},"end":{"line":17,"column":28}},"loc":{"start":{"line":17,"column":28},"end":{"line":265,"column":null}},"line":17},"1":{"name":"(anonymous_1)","decl":{"start":{"line":22,"column":24},"end":{"line":22,"column":30}},"loc":{"start":{"line":22,"column":30},"end":{"line":27,"column":5}},"line":22},"2":{"name":"(anonymous_2)","decl":{"start":{"line":30,"column":12},"end":{"line":30,"column":18}},"loc":{"start":{"line":30,"column":18},"end":{"line":67,"column":5}},"line":30},"3":{"name":"(anonymous_3)","decl":{"start":{"line":75,"column":22},"end":{"line":75,"column":23}},"loc":{"start":{"line":75,"column":58},"end":{"line":77,"column":null}},"line":75},"4":{"name":"(anonymous_4)","decl":{"start":{"line":79,"column":19},"end":{"line":79,"column":20}},"loc":{"start":{"line":79,"column":38},"end":{"line":85,"column":null}},"line":79},"5":{"name":"(anonymous_5)","decl":{"start":{"line":87,"column":22},"end":{"line":87,"column":23}},"loc":{"start":{"line":87,"column":41},"end":{"line":92,"column":null}},"line":87},"6":{"name":"(anonymous_6)","decl":{"start":{"line":90,"column":35},"end":{"line":90,"column":36}},"loc":{"start":{"line":90,"column":42},"end":{"line":90,"column":53}},"line":90},"7":{"name":"(anonymous_7)","decl":{"start":{"line":107,"column":19},"end":{"line":107,"column":25}},"loc":{"start":{"line":107,"column":25},"end":{"line":107,"column":null}},"line":107},"8":{"name":"(anonymous_8)","decl":{"start":{"line":120,"column":18},"end":{"line":120,"column":19}},"loc":{"start":{"line":121,"column":10},"end":{"line":124,"column":null}},"line":121},"9":{"name":"(anonymous_9)","decl":{"start":{"line":129,"column":30},"end":{"line":129,"column":31}},"loc":{"start":{"line":130,"column":10},"end":{"line":139,"column":null}},"line":130},"10":{"name":"(anonymous_10)","decl":{"start":{"line":150,"column":18},"end":{"line":150,"column":19}},"loc":{"start":{"line":151,"column":10},"end":{"line":154,"column":null}},"line":151},"11":{"name":"(anonymous_11)","decl":{"start":{"line":159,"column":31},"end":{"line":159,"column":32}},"loc":{"start":{"line":160,"column":10},"end":{"line":162,"column":null}},"line":160},"12":{"name":"(anonymous_12)","decl":{"start":{"line":173,"column":18},"end":{"line":173,"column":19}},"loc":{"start":{"line":174,"column":10},"end":{"line":177,"column":null}},"line":174},"13":{"name":"(anonymous_13)","decl":{"start":{"line":182,"column":29},"end":{"line":182,"column":30}},"loc":{"start":{"line":183,"column":10},"end":{"line":185,"column":null}},"line":183},"14":{"name":"(anonymous_14)","decl":{"start":{"line":198,"column":20},"end":{"line":198,"column":21}},"loc":{"start":{"line":198,"column":27},"end":{"line":198,"column":null}},"line":198},"15":{"name":"(anonymous_15)","decl":{"start":{"line":199,"column":21},"end":{"line":199,"column":22}},"loc":{"start":{"line":199,"column":28},"end":{"line":199,"column":null}},"line":199},"16":{"name":"(anonymous_16)","decl":{"start":{"line":205,"column":26},"end":{"line":205,"column":27}},"loc":{"start":{"line":206,"column":10},"end":{"line":212,"column":null}},"line":206},"17":{"name":"(anonymous_17)","decl":{"start":{"line":209,"column":21},"end":{"line":209,"column":27}},"loc":{"start":{"line":209,"column":27},"end":{"line":209,"column":null}},"line":209},"18":{"name":"(anonymous_18)","decl":{"start":{"line":219,"column":39},"end":{"line":219,"column":40}},"loc":{"start":{"line":219,"column":48},"end":{"line":244,"column":9}},"line":219},"19":{"name":"(anonymous_19)","decl":{"start":{"line":226,"column":28},"end":{"line":226,"column":34}},"loc":{"start":{"line":226,"column":34},"end":{"line":226,"column":null}},"line":226},"20":{"name":"(anonymous_20)","decl":{"start":{"line":239,"column":26},"end":{"line":239,"column":32}},"loc":{"start":{"line":239,"column":32},"end":{"line":239,"column":null}},"line":239},"21":{"name":"(anonymous_21)","decl":{"start":{"line":259,"column":17},"end":{"line":259,"column":23}},"loc":{"start":{"line":259,"column":23},"end":{"line":259,"column":null}},"line":259}},"branchMap":{"0":{"loc":{"start":{"line":23,"column":4},"end":{"line":25,"column":null}},"type":"if","locations":[{"start":{"line":23,"column":4},"end":{"line":25,"column":null}},{"start":{},"end":{}}],"line":23},"1":{"loc":{"start":{"line":23,"column":8},"end":{"line":23,"column":44}},"type":"binary-expr","locations":[{"start":{"line":23,"column":8},"end":{"line":23,"column":26}},{"start":{"line":23,"column":26},"end":{"line":23,"column":44}}],"line":23},"2":{"loc":{"start":{"line":31,"column":4},"end":{"line":66,"column":null}},"type":"if","locations":[{"start":{"line":31,"column":4},"end":{"line":66,"column":null}},{"start":{},"end":{}}],"line":31},"3":{"loc":{"start":{"line":31,"column":8},"end":{"line":31,"column":49}},"type":"binary-expr","locations":[{"start":{"line":31,"column":8},"end":{"line":31,"column":31}},{"start":{"line":31,"column":31},"end":{"line":31,"column":49}}],"line":31},"4":{"loc":{"start":{"line":33,"column":6},"end":{"line":41,"column":null}},"type":"if","locations":[{"start":{"line":33,"column":6},"end":{"line":41,"column":null}},{"start":{},"end":{}}],"line":33},"5":{"loc":{"start":{"line":34,"column":8},"end":{"line":35,"column":null}},"type":"binary-expr","locations":[{"start":{"line":34,"column":8},"end":{"line":34,"column":null}},{"start":{"line":35,"column":9},"end":{"line":35,"column":42}},{"start":{"line":35,"column":42},"end":{"line":35,"column":null}}],"line":34},"6":{"loc":{"start":{"line":44,"column":6},"end":{"line":49,"column":null}},"type":"if","locations":[{"start":{"line":44,"column":6},"end":{"line":49,"column":null}},{"start":{},"end":{}}],"line":44},"7":{"loc":{"start":{"line":44,"column":10},"end":{"line":44,"column":68}},"type":"binary-expr","locations":[{"start":{"line":44,"column":10},"end":{"line":44,"column":45}},{"start":{"line":44,"column":45},"end":{"line":44,"column":68}}],"line":44},"8":{"loc":{"start":{"line":52,"column":6},"end":{"line":57,"column":null}},"type":"if","locations":[{"start":{"line":52,"column":6},"end":{"line":57,"column":null}},{"start":{},"end":{}}],"line":52},"9":{"loc":{"start":{"line":52,"column":10},"end":{"line":52,"column":62}},"type":"binary-expr","locations":[{"start":{"line":52,"column":10},"end":{"line":52,"column":39}},{"start":{"line":52,"column":39},"end":{"line":52,"column":62}}],"line":52},"10":{"loc":{"start":{"line":60,"column":6},"end":{"line":65,"column":null}},"type":"if","locations":[{"start":{"line":60,"column":6},"end":{"line":65,"column":null}},{"start":{},"end":{}}],"line":60},"11":{"loc":{"start":{"line":60,"column":10},"end":{"line":60,"column":70}},"type":"binary-expr","locations":[{"start":{"line":60,"column":10},"end":{"line":60,"column":39}},{"start":{"line":60,"column":39},"end":{"line":60,"column":70}}],"line":60},"12":{"loc":{"start":{"line":80,"column":4},"end":{"line":80,"column":null}},"type":"if","locations":[{"start":{"line":80,"column":4},"end":{"line":80,"column":null}},{"start":{},"end":{}}],"line":80},"13":{"loc":{"start":{"line":81,"column":4},"end":{"line":81,"column":null}},"type":"if","locations":[{"start":{"line":81,"column":4},"end":{"line":81,"column":null}},{"start":{},"end":{}}],"line":81},"14":{"loc":{"start":{"line":82,"column":4},"end":{"line":82,"column":null}},"type":"if","locations":[{"start":{"line":82,"column":4},"end":{"line":82,"column":null}},{"start":{},"end":{}}],"line":82},"15":{"loc":{"start":{"line":95,"column":4},"end":{"line":98,"column":null}},"type":"binary-expr","locations":[{"start":{"line":95,"column":4},"end":{"line":95,"column":null}},{"start":{"line":96,"column":4},"end":{"line":96,"column":null}},{"start":{"line":97,"column":4},"end":{"line":97,"column":null}},{"start":{"line":98,"column":4},"end":{"line":98,"column":null}}],"line":95},"16":{"loc":{"start":{"line":119,"column":15},"end":{"line":119,"column":null}},"type":"binary-expr","locations":[{"start":{"line":119,"column":15},"end":{"line":119,"column":38}},{"start":{"line":119,"column":38},"end":{"line":119,"column":null}}],"line":119},"17":{"loc":{"start":{"line":134,"column":14},"end":{"line":135,"column":null}},"type":"binary-expr","locations":[{"start":{"line":134,"column":14},"end":{"line":134,"column":null}},{"start":{"line":135,"column":15},"end":{"line":135,"column":48}},{"start":{"line":135,"column":48},"end":{"line":135,"column":null}}],"line":134},"18":{"loc":{"start":{"line":149,"column":15},"end":{"line":149,"column":null}},"type":"binary-expr","locations":[{"start":{"line":149,"column":15},"end":{"line":149,"column":35}},{"start":{"line":149,"column":35},"end":{"line":149,"column":null}}],"line":149},"19":{"loc":{"start":{"line":172,"column":15},"end":{"line":172,"column":null}},"type":"binary-expr","locations":[{"start":{"line":172,"column":15},"end":{"line":172,"column":33}},{"start":{"line":172,"column":33},"end":{"line":172,"column":null}}],"line":172},"20":{"loc":{"start":{"line":199,"column":28},"end":{"line":199,"column":null}},"type":"binary-expr","locations":[{"start":{"line":199,"column":28},"end":{"line":199,"column":49}},{"start":{"line":199,"column":49},"end":{"line":199,"column":null}}],"line":199},"21":{"loc":{"start":{"line":220,"column":10},"end":{"line":232,"column":null}},"type":"if","locations":[{"start":{"line":220,"column":10},"end":{"line":232,"column":null}},{"start":{},"end":{}}],"line":220},"22":{"loc":{"start":{"line":227,"column":28},"end":{"line":227,"column":null}},"type":"binary-expr","locations":[{"start":{"line":227,"column":28},"end":{"line":227,"column":53}},{"start":{"line":227,"column":53},"end":{"line":227,"column":null}}],"line":227},"23":{"loc":{"start":{"line":254,"column":10},"end":{"line":256,"column":null}},"type":"cond-expr","locations":[{"start":{"line":255,"column":14},"end":{"line":255,"column":null}},{"start":{"line":256,"column":14},"end":{"line":256,"column":null}}],"line":254}},"s":{"0":1,"1":1,"2":1,"3":1,"4":2,"5":2,"6":2,"7":2,"8":2,"9":0,"10":2,"11":2,"12":2,"13":0,"14":0,"15":0,"16":0,"17":0,"18":0,"19":0,"20":0,"21":0,"22":0,"23":0,"24":0,"25":2,"26":0,"27":2,"28":0,"29":0,"30":0,"31":0,"32":0,"33":0,"34":0,"35":0,"36":2,"37":0,"38":0,"39":2,"40":2,"41":0,"42":0,"43":8,"44":1,"45":8,"46":0,"47":8,"48":0,"49":0,"50":0,"51":0,"52":8,"53":2,"54":0,"55":6,"56":0,"57":0},"f":{"0":2,"1":2,"2":2,"3":0,"4":0,"5":0,"6":0,"7":0,"8":0,"9":8,"10":1,"11":8,"12":0,"13":8,"14":0,"15":0,"16":0,"17":0,"18":8,"19":0,"20":0,"21":0},"b":{"0":[0,2],"1":[2,0],"2":[0,2],"3":[2,0],"4":[0,0],"5":[0,0,0],"6":[0,0],"7":[0,0],"8":[0,0],"9":[0,0],"10":[0,0],"11":[0,0],"12":[0,0],"13":[0,0],"14":[0,0],"15":[2,0,0,0],"16":[2,2],"17":[8,2,1],"18":[2,1],"19":[2,2],"20":[0,0],"21":[2,6],"22":[2,2],"23":[0,2]},"meta":{"lastBranch":24,"lastFunction":22,"lastStatement":58,"seen":{"s:8:42:13:Infinity":0,"s:14:40:14:Infinity":1,"s:15:36:15:Infinity":2,"s:17:22:265:Infinity":3,"f:17:22:17:28":0,"s:18:26:18:Infinity":4,"s:19:8:19:Infinity":5,"s:20:34:20:Infinity":6,"s:22:8:27:Infinity":7,"f:22:24:22:30":1,"b:23:4:25:Infinity:undefined:undefined:undefined:undefined":0,"s:23:4:25:Infinity":8,"b:23:8:23:26:23:26:23:44":1,"s:24:6:24:Infinity":9,"s:26:4:26:Infinity":10,"s:30:2:73:Infinity":11,"f:30:12:30:18":2,"b:31:4:66:Infinity:undefined:undefined:undefined:undefined":2,"s:31:4:66:Infinity":12,"b:31:8:31:31:31:31:31:49":3,"b:33:6:41:Infinity:undefined:undefined:undefined:undefined":4,"s:33:6:41:Infinity":13,"b:34:8:34:Infinity:35:9:35:42:35:42:35:Infinity":5,"s:37:8:37:Infinity":14,"s:38:8:40:Infinity":15,"b:44:6:49:Infinity:undefined:undefined:undefined:undefined":6,"s:44:6:49:Infinity":16,"b:44:10:44:45:44:45:44:68":7,"s:45:8:45:Infinity":17,"s:46:8:48:Infinity":18,"b:52:6:57:Infinity:undefined:undefined:undefined:undefined":8,"s:52:6:57:Infinity":19,"b:52:10:52:39:52:39:52:62":9,"s:53:8:53:Infinity":20,"s:54:8:56:Infinity":21,"b:60:6:65:Infinity:undefined:undefined:undefined:undefined":10,"s:60:6:65:Infinity":22,"b:60:10:60:39:60:39:60:70":11,"s:61:8:61:Infinity":23,"s:62:8:64:Infinity":24,"s:75:22:77:Infinity":25,"f:75:22:75:23":3,"s:76:4:76:Infinity":26,"s:79:19:85:Infinity":27,"f:79:19:79:20":4,"b:80:4:80:Infinity:undefined:undefined:undefined:undefined":12,"s:80:4:80:Infinity":28,"s:80:16:80:Infinity":29,"b:81:4:81:Infinity:undefined:undefined:undefined:undefined":13,"s:81:4:81:Infinity":30,"s:81:38:81:Infinity":31,"b:82:4:82:Infinity:undefined:undefined:undefined:undefined":14,"s:82:4:82:Infinity":32,"s:82:34:82:Infinity":33,"s:83:4:83:Infinity":34,"s:84:4:84:Infinity":35,"s:87:22:92:Infinity":36,"f:87:22:87:23":5,"s:88:4:91:Infinity":37,"f:90:35:90:36":6,"s:90:42:90:53":38,"s:95:4:98:Infinity":39,"b:95:4:95:Infinity:96:4:96:Infinity:97:4:97:Infinity:98:4:98:Infinity":15,"s:100:2:263:Infinity":40,"f:107:19:107:25":7,"s:107:25:107:Infinity":41,"b:119:15:119:38:119:38:119:Infinity":16,"f:120:18:120:19":8,"s:121:10:124:Infinity":42,"f:129:30:129:31":9,"s:130:10:139:Infinity":43,"b:134:14:134:Infinity:135:15:135:48:135:48:135:Infinity":17,"b:149:15:149:35:149:35:149:Infinity":18,"f:150:18:150:19":10,"s:151:10:154:Infinity":44,"f:159:31:159:32":11,"s:160:10:162:Infinity":45,"b:172:15:172:33:172:33:172:Infinity":19,"f:173:18:173:19":12,"s:174:10:177:Infinity":46,"f:182:29:182:30":13,"s:183:10:185:Infinity":47,"f:198:20:198:21":14,"s:198:27:198:Infinity":48,"f:199:21:199:22":15,"s:199:28:199:Infinity":49,"b:199:28:199:49:199:49:199:Infinity":20,"f:205:26:205:27":16,"s:206:10:212:Infinity":50,"f:209:21:209:27":17,"s:209:27:209:Infinity":51,"f:219:39:219:40":18,"b:220:10:232:Infinity:undefined:undefined:undefined:undefined":21,"s:220:10:232:Infinity":52,"s:221:12:230:Infinity":53,"f:226:28:226:34":19,"s:226:34:226:Infinity":54,"b:227:28:227:53:227:53:227:Infinity":22,"s:234:10:242:Infinity":55,"f:239:26:239:32":20,"s:239:32:239:Infinity":56,"b:255:14:255:Infinity:256:14:256:Infinity":23,"f:259:17:259:23":21,"s:259:23:259:Infinity":57}}}
,"/Users/macok/Desktop/ai-interview-configurator/src/utils/pricing.ts": {"path":"/Users/macok/Desktop/ai-interview-configurator/src/utils/pricing.ts","statementMap":{"0":{"start":{"line":3,"column":52},"end":{"line":8,"column":null}},"1":{"start":{"line":10,"column":64},"end":{"line":15,"column":null}},"2":{"start":{"line":24,"column":40},"end":{"line":29,"column":null}},"3":{"start":{"line":31,"column":30},"end":{"line":43,"column":null}},"4":{"start":{"line":36,"column":14},"end":{"line":36,"column":null}},"5":{"start":{"line":37,"column":2},"end":{"line":41,"column":null}},"6":{"start":{"line":38,"column":4},"end":{"line":40,"column":null}},"7":{"start":{"line":39,"column":6},"end":{"line":39,"column":null}},"8":{"start":{"line":42,"column":2},"end":{"line":42,"column":null}}},"fnMap":{"0":{"name":"(anonymous_0)","decl":{"start":{"line":31,"column":30},"end":{"line":31,"column":null}},"loc":{"start":{"line":35,"column":5},"end":{"line":43,"column":null}},"line":35},"1":{"name":"(anonymous_1)","decl":{"start":{"line":37,"column":33},"end":{"line":37,"column":34}},"loc":{"start":{"line":37,"column":51},"end":{"line":41,"column":3}},"line":37}},"branchMap":{"0":{"loc":{"start":{"line":38,"column":4},"end":{"line":40,"column":null}},"type":"if","locations":[{"start":{"line":38,"column":4},"end":{"line":40,"column":null}},{"start":{},"end":{}}],"line":38},"1":{"loc":{"start":{"line":38,"column":8},"end":{"line":38,"column":56}},"type":"binary-expr","locations":[{"start":{"line":38,"column":8},"end":{"line":38,"column":17}},{"start":{"line":38,"column":17},"end":{"line":38,"column":56}}],"line":38}},"s":{"0":1,"1":1,"2":1,"3":1,"4":0,"5":0,"6":0,"7":0,"8":0},"f":{"0":0,"1":0},"b":{"0":[0,0],"1":[0,0]},"meta":{"lastBranch":2,"lastFunction":2,"lastStatement":9,"seen":{"s:3:52:8:Infinity":0,"s:10:64:15:Infinity":1,"s:24:40:29:Infinity":2,"s:31:30:43:Infinity":3,"f:31:30:31:Infinity":0,"s:36:14:36:Infinity":4,"s:37:2:41:Infinity":5,"f:37:33:37:34":1,"b:38:4:40:Infinity:undefined:undefined:undefined:undefined":0,"s:38:4:40:Infinity":6,"b:38:8:38:17:38:17:38:56":1,"s:39:6:39:Infinity":7,"s:42:2:42:Infinity":8}}}
}
